<?xml version="1.0" encoding="UTF-8"?>
<!-- Generated by org.testng.reporters.JUnitReportReporter -->
<testsuite hostname="00660f8a3e1950a" failures="0" tests="4" name="com.aqe.DemoTest" time="6.410" errors="0" timestamp="2023-10-04T21:40:38 IST" skipped="0">
  <testcase classname="com.aqe.DemoTest" name="searchAmazon" time="1.895"/>
  <system-out/>
  <testcase classname="com.aqe.DemoTest" name="clickAmazonLink" time="1.684"/>
  <system-out/>
  <testcase classname="com.aqe.DemoTest" name="searchForFridge" time="2.232"/>
  <system-out/>
  <testcase classname="com.aqe.DemoTest" name="addToCart" time="0.599"/>
  <system-out/>
</testsuite> <!-- com.aqe.DemoTest -->
